[10/Oct/2022:17:39:07] (ℹ️): WordPress Instance Info:
[10/Oct/2022:17:39:07] (ℹ️): Home URL : https://xn--mgbg4a8cpdl.com
[10/Oct/2022:17:39:07] (ℹ️): Site URL : https://xn--mgbg4a8cpdl.com
[10/Oct/2022:17:39:07] (ℹ️): WordPress Version : 6.0.2
[10/Oct/2022:17:39:07] (ℹ️): Onboarding Version : 1.8.3
[10/Oct/2022:17:39:07] (ℹ️): Multisite : No
[10/Oct/2022:17:39:07] (ℹ️): Server Info : Apache
[10/Oct/2022:17:39:07] (ℹ️): PHP Version : 7.3.31-1~deb10u1
[10/Oct/2022:17:39:07] (ℹ️): HTTPS : Yes
[10/Oct/2022:17:39:07] (ℹ️): PHP Max Execution Time : 60
[10/Oct/2022:17:39:07] (ℹ️): PHP Max Input Vars : 5000
[10/Oct/2022:17:39:07] (ℹ️): Max Upload Size : 8388608
[10/Oct/2022:17:39:07] (ℹ️): Plugins:
[10/Oct/2022:17:39:07] (ℹ️): [PLUGIN] Koko Analytics : v1.0.34 (ibericode)
[10/Oct/2022:17:39:07] (ℹ️): [PLUGIN] إضافة حماية ووردبريس الكل في واحد : v5.0.9 (All In One WP Security &amp; Firewall Team)
[10/Oct/2022:17:39:07] (ℹ️): [PLUGIN] EWWW Image Optimizer : v6.9.1 (Exactly WWW)
[10/Oct/2022:17:39:07] (ℹ️): [PLUGIN] Gutenberg : v14.2.0 (فريق Gutenberg)
[10/Oct/2022:17:39:07] (ℹ️): [PLUGIN] Menu Icons : v0.13.0 (ThemeIsle)
[10/Oct/2022:17:39:07] (ℹ️): [PLUGIN] Performance Lab : v1.5.0 (WordPress Performance Team)
[10/Oct/2022:17:39:07] (ℹ️): [PLUGIN] فحص التوافق PHP Compatibility Checker : v1.5.2 (WP Engine)
[10/Oct/2022:17:39:07] (ℹ️): [PLUGIN] Redis Object Cache : v2.2.0 (Till Krüss)
[10/Oct/2022:17:39:07] (ℹ️): [PLUGIN] Simple Banner : v2.12.1 (Ryan Petersen)
[10/Oct/2022:17:39:07] (ℹ️): [PLUGIN] Simple Image Sizes : v3.2.1 (Rahe)
[10/Oct/2022:17:39:07] (ℹ️): [PLUGIN] SSL Insecure Content Fixer : v2.7.2 (WebAware)
[10/Oct/2022:17:39:07] (ℹ️): [PLUGIN] Stackable - Gutenberg Blocks : v3.5.0 (Gambit Technologies, Inc)
[10/Oct/2022:17:39:07] (ℹ️): [PLUGIN] Orbit Fox Companion : v2.10.19 (Themeisle)
[10/Oct/2022:17:39:07] (ℹ️): [PLUGIN] Themeprice Updater : v1.0.28 (Themeprice)
[10/Oct/2022:17:39:07] (ℹ️): [PLUGIN] TranslatePress - Multilingual : v2.3.8 (Cozmoslabs, Razvan Mocanu, Madalin Ungureanu, Cristophor Hurduban)
[10/Oct/2022:17:39:07] (ℹ️): [PLUGIN] Ultimate Blocks : v2.5.3 (Ultimate Blocks)
[10/Oct/2022:17:39:07] (ℹ️): [PLUGIN] Yoast SEO بريميوم : v19.2 (فريق Yoast)
[10/Oct/2022:17:39:07] (ℹ️): [PLUGIN] Yoast SEO : v19.7.2 (فريق Yoast)
[10/Oct/2022:17:39:07] (ℹ️): [PLUGIN] WP-Discourse : v2.4.6 (Discourse)
[10/Oct/2022:17:39:07] (ℹ️): [PLUGIN] WP Fastest Cache Premium : v1.6.4 (Emre Vona)
[10/Oct/2022:17:39:07] (ℹ️): [PLUGIN] WP Fastest Cache : v1.0.6 (Emre Vona)
